{
  "RSpec": {
    "coverage": {
      "/home/sti/railstut/desafio1/init.rb": [
        1,
        1,
        1,
        1,
        1,
        null,
        1,
        13,
        13,
        null,
        null,
        1,
        1,
        null,
        null,
        1,
        1,
        null,
        null,
        1,
        1,
        null,
        null,
        1,
        5,
        null,
        null,
        1,
        1,
        null,
        null,
        1,
        2,
        1,
        null,
        1,
        null,
        null,
        null,
        1,
        2,
        2,
        null,
        null,
        1,
        7,
        null,
        null,
        1,
        4,
        4,
        4,
        4,
        3,
        3,
        null,
        1,
        1,
        null,
        null,
        null,
        null,
        1,
        4,
        null,
        4,
        null,
        null,
        1,
        5,
        null,
        null,
        1,
        7,
        null,
        null
      ],
      "/home/sti/railstut/desafio1/set_alunos.rb": [
        1,
        null,
        1,
        1,
        null,
        1,
        14,
        null,
        null,
        null,
        1,
        430,
        null,
        null,
        1,
        416,
        416,
        416,
        416,
        null,
        null,
        1,
        3,
        null,
        null
      ],
      "/home/sti/railstut/desafio1/aluno.rb": [
        1,
        1,
        null,
        1,
        430,
        430,
        430,
        430,
        430,
        430,
        null,
        null,
        1,
        2,
        null,
        null,
        1,
        null,
        1,
        430,
        null,
        null
      ],
      "/home/sti/railstut/desafio1/mail_helper.rb": [
        1,
        1,
        null,
        1,
        null,
        1,
        54,
        null,
        null,
        1,
        9,
        9,
        null,
        null,
        1,
        11,
        11,
        11,
        11,
        11,
        null,
        null,
        1,
        8,
        8,
        8,
        8,
        null,
        null,
        1,
        9,
        9,
        9,
        9,
        9,
        9,
        null,
        null
      ],
      "/home/sti/railstut/desafio1/csv_parser.rb": [
        1,
        null,
        1,
        1,
        1,
        1,
        16,
        null,
        2,
        null,
        null,
        1,
        15,
        null,
        1,
        null,
        null,
        1,
        4,
        4,
        4,
        4,
        4,
        4,
        null,
        null,
        1,
        8,
        null,
        null,
        1,
        132,
        null,
        null,
        1,
        132,
        null,
        null
      ],
      "/home/sti/railstut/desafio1/spec/init_spec.rb": [
        1,
        null,
        1,
        1,
        1,
        1,
        1,
        1,
        1,
        1,
        null,
        null,
        null,
        1,
        14,
        9,
        null,
        1,
        1,
        2,
        null,
        null,
        null,
        1,
        1,
        1,
        1,
        1,
        2,
        null,
        1,
        1,
        1,
        null,
        null,
        null,
        1,
        1,
        1,
        1,
        1,
        1,
        1,
        null,
        null,
        1,
        1,
        1,
        1,
        1,
        1,
        null,
        null,
        1,
        1,
        1,
        1,
        2,
        null,
        null,
        null,
        1,
        1,
        1,
        1,
        1,
        1,
        2,
        null,
        null,
        null,
        null,
        1,
        1,
        2,
        1,
        null,
        null,
        1,
        1,
        2,
        1,
        null,
        null,
        1,
        1,
        2,
        1,
        1,
        2,
        null,
        null,
        1,
        2,
        1,
        1,
        2,
        null,
        null,
        1,
        1,
        2,
        1,
        2,
        null,
        null,
        1,
        1,
        2,
        1,
        2,
        null,
        null,
        null,
        null
      ],
      "/home/sti/railstut/desafio1/spec/mail_spec.rb": [
        1,
        null,
        null,
        null,
        1,
        5,
        1,
        1,
        1,
        null,
        1,
        1,
        1,
        null,
        null,
        null,
        1,
        1,
        1,
        null,
        null,
        null,
        null,
        1,
        null,
        null,
        null,
        1,
        1,
        1,
        1,
        2,
        null,
        null,
        null,
        null,
        null
      ],
      "/home/sti/railstut/desafio1/spec/set_alunos_spec.rb": [
        1,
        null,
        1,
        1,
        1,
        1,
        1,
        1,
        1,
        null,
        null,
        null
      ]
    },
    "timestamp": 1500316218
  }
}
